2023-11-06 08:40:23,087 INFO com.example.ABCElectronic_smartDevice.AbcElectronicSmartDeviceApplication [restartedMain] Starting AbcElectronicSmartDeviceApplication using Java 17.0.8.1 on DESKTOP-1ULGF16 with PID 3520 (C:\Users\Administrator\OneDrive\Desktop\MYABC_PROJECT\target\classes started by Administrator in C:\Users\Administrator\OneDrive\Desktop\MYABC_PROJECT)
2023-11-06 08:40:23,094 INFO com.example.ABCElectronic_smartDevice.AbcElectronicSmartDeviceApplication [restartedMain] No active profile set, falling back to 1 default profile: "default"
2023-11-06 08:40:25,167 INFO org.apache.catalina.core.StandardService [restartedMain] Starting service [Tomcat]
2023-11-06 08:40:25,169 INFO org.apache.catalina.core.StandardEngine [restartedMain] Starting Servlet engine: [Apache Tomcat/9.0.80]
2023-11-06 08:40:25,279 INFO org.apache.catalina.core.ContainerBase.[Tomcat].[localhost].[/] [restartedMain] Initializing Spring embedded WebApplicationContext
2023-11-06 08:40:25,529 INFO org.hibernate.jpa.internal.util.LogHelper [restartedMain] HHH000204: Processing PersistenceUnitInfo [name: default]
2023-11-06 08:40:25,626 INFO org.hibernate.Version [restartedMain] HHH000412: Hibernate ORM core version 5.6.15.Final
2023-11-06 08:40:25,860 INFO org.hibernate.annotations.common.Version [restartedMain] HCANN000001: Hibernate Commons Annotations {5.1.2.Final}
2023-11-06 08:40:25,990 INFO com.zaxxer.hikari.HikariDataSource [restartedMain] HikariPool-1 - Starting...
2023-11-06 08:40:26,211 INFO com.zaxxer.hikari.HikariDataSource [restartedMain] HikariPool-1 - Start completed.
2023-11-06 08:40:26,239 INFO org.hibernate.dialect.Dialect [restartedMain] HHH000400: Using dialect: org.hibernate.dialect.PostgreSQLDialect
2023-11-06 08:40:27,281 INFO org.hibernate.engine.transaction.jta.platform.internal.JtaPlatformInitiator [restartedMain] HHH000490: Using JtaPlatform implementation: [org.hibernate.engine.transaction.jta.platform.internal.NoJtaPlatform]
2023-11-06 08:40:27,801 INFO springfox.documentation.spring.web.PropertySourcedRequestMappingHandlerMapping [restartedMain] Mapped URL path [/v2/api-docs] onto method [springfox.documentation.swagger2.web.Swagger2Controller#getDocumentation(String, HttpServletRequest)]
2023-11-06 08:40:28,633 INFO springfox.documentation.spring.web.plugins.DocumentationPluginsBootstrapper [restartedMain] Context refreshed
2023-11-06 08:40:28,658 INFO springfox.documentation.spring.web.plugins.DocumentationPluginsBootstrapper [restartedMain] Found 1 custom documentation plugin(s)
2023-11-06 08:40:28,683 INFO springfox.documentation.spring.web.scanners.ApiListingReferenceScanner [restartedMain] Scanning for api listing references
2023-11-06 08:40:28,868 INFO com.example.ABCElectronic_smartDevice.AbcElectronicSmartDeviceApplication [restartedMain] Started AbcElectronicSmartDeviceApplication in 6.358 seconds (JVM running for 7.513)
2023-11-06 08:42:03,301 INFO org.apache.catalina.core.StandardService [RMI TCP Connection(4)-127.0.0.1] Stopping service [Tomcat]
2023-11-06 08:42:03,319 INFO com.zaxxer.hikari.HikariDataSource [RMI TCP Connection(4)-127.0.0.1] HikariPool-1 - Shutdown initiated...
2023-11-06 08:42:03,332 INFO com.zaxxer.hikari.HikariDataSource [RMI TCP Connection(4)-127.0.0.1] HikariPool-1 - Shutdown completed.
2023-11-06 08:42:40,493 INFO com.example.ABCElectronic_smartDevice.AbcElectronicSmartDeviceApplication [restartedMain] Starting AbcElectronicSmartDeviceApplication using Java 17.0.8.1 on DESKTOP-1ULGF16 with PID 17180 (C:\Users\Administrator\OneDrive\Desktop\MYABC_PROJECT\target\classes started by Administrator in C:\Users\Administrator\OneDrive\Desktop\MYABC_PROJECT)
2023-11-06 08:42:40,494 INFO com.example.ABCElectronic_smartDevice.AbcElectronicSmartDeviceApplication [restartedMain] No active profile set, falling back to 1 default profile: "default"
2023-11-06 08:42:42,464 INFO org.apache.catalina.core.StandardService [restartedMain] Starting service [Tomcat]
2023-11-06 08:42:42,465 INFO org.apache.catalina.core.StandardEngine [restartedMain] Starting Servlet engine: [Apache Tomcat/9.0.80]
2023-11-06 08:42:42,538 INFO org.apache.catalina.core.ContainerBase.[Tomcat].[localhost].[/] [restartedMain] Initializing Spring embedded WebApplicationContext
2023-11-06 08:42:42,674 INFO org.hibernate.jpa.internal.util.LogHelper [restartedMain] HHH000204: Processing PersistenceUnitInfo [name: default]
2023-11-06 08:42:42,725 INFO org.hibernate.Version [restartedMain] HHH000412: Hibernate ORM core version 5.6.15.Final
2023-11-06 08:42:42,863 INFO org.hibernate.annotations.common.Version [restartedMain] HCANN000001: Hibernate Commons Annotations {5.1.2.Final}
2023-11-06 08:42:42,957 INFO com.zaxxer.hikari.HikariDataSource [restartedMain] HikariPool-1 - Starting...
2023-11-06 08:42:43,152 INFO com.zaxxer.hikari.HikariDataSource [restartedMain] HikariPool-1 - Start completed.
2023-11-06 08:42:43,171 INFO org.hibernate.dialect.Dialect [restartedMain] HHH000400: Using dialect: org.hibernate.dialect.PostgreSQLDialect
2023-11-06 08:42:44,081 INFO org.hibernate.engine.transaction.jta.platform.internal.JtaPlatformInitiator [restartedMain] HHH000490: Using JtaPlatform implementation: [org.hibernate.engine.transaction.jta.platform.internal.NoJtaPlatform]
2023-11-06 08:42:44,468 INFO springfox.documentation.spring.web.PropertySourcedRequestMappingHandlerMapping [restartedMain] Mapped URL path [/v2/api-docs] onto method [springfox.documentation.swagger2.web.Swagger2Controller#getDocumentation(String, HttpServletRequest)]
2023-11-06 08:42:45,179 INFO springfox.documentation.spring.web.plugins.DocumentationPluginsBootstrapper [restartedMain] Context refreshed
2023-11-06 08:42:45,199 INFO springfox.documentation.spring.web.plugins.DocumentationPluginsBootstrapper [restartedMain] Found 1 custom documentation plugin(s)
2023-11-06 08:42:45,222 INFO springfox.documentation.spring.web.scanners.ApiListingReferenceScanner [restartedMain] Scanning for api listing references
2023-11-06 08:42:45,381 INFO com.example.ABCElectronic_smartDevice.AbcElectronicSmartDeviceApplication [restartedMain] Started AbcElectronicSmartDeviceApplication in 5.501 seconds (JVM running for 6.536)
2023-11-06 09:04:54,586 INFO org.apache.catalina.core.StandardService [Thread-4] Stopping service [Tomcat]
2023-11-06 09:04:54,647 INFO com.zaxxer.hikari.HikariDataSource [Thread-4] HikariPool-1 - Shutdown initiated...
2023-11-06 09:04:54,689 INFO com.zaxxer.hikari.HikariDataSource [Thread-4] HikariPool-1 - Shutdown completed.
2023-11-06 09:04:54,765 INFO com.example.ABCElectronic_smartDevice.AbcElectronicSmartDeviceApplication [restartedMain] Application iss Running...........
2023-11-06 09:04:54,839 INFO com.example.ABCElectronic_smartDevice.AbcElectronicSmartDeviceApplication [restartedMain] Starting AbcElectronicSmartDeviceApplication using Java 17.0.8.1 on DESKTOP-1ULGF16 with PID 17180 (C:\Users\Administrator\OneDrive\Desktop\MYABC_PROJECT\target\classes started by Administrator in C:\Users\Administrator\OneDrive\Desktop\MYABC_PROJECT)
2023-11-06 09:04:54,840 INFO com.example.ABCElectronic_smartDevice.AbcElectronicSmartDeviceApplication [restartedMain] No active profile set, falling back to 1 default profile: "default"
